  stdafx.cpp
c:\users\강동훈\desktop\sga-team-project\gameframework\commonmacrofunction.h(61): warning C4244: '초기화 중': 'LONG'에서 'float'(으)로 변환하면서 데이터가 손실될 수 있습니다.
c:\users\강동훈\desktop\sga-team-project\gameframework\commonmacrofunction.h(62): warning C4244: '초기화 중': 'LONG'에서 'float'(으)로 변환하면서 데이터가 손실될 수 있습니다.
c:\users\강동훈\desktop\sga-team-project\gameframework\commonmacrofunction.h(63): warning C4244: '초기화 중': 'LONG'에서 'float'(으)로 변환하면서 데이터가 손실될 수 있습니다.
c:\users\강동훈\desktop\sga-team-project\gameframework\commonmacrofunction.h(64): warning C4244: '초기화 중': 'LONG'에서 'float'(으)로 변환하면서 데이터가 손실될 수 있습니다.
c:\users\강동훈\desktop\sga-team-project\gameframework\commonmacrofunction.h(85): warning C4244: '초기화 중': 'LONG'에서 'float'(으)로 변환하면서 데이터가 손실될 수 있습니다.
c:\users\강동훈\desktop\sga-team-project\gameframework\commonmacrofunction.h(86): warning C4244: '초기화 중': 'LONG'에서 'float'(으)로 변환하면서 데이터가 손실될 수 있습니다.
c:\users\강동훈\desktop\sga-team-project\gameframework\commonmacrofunction.h(87): warning C4244: '초기화 중': 'LONG'에서 'float'(으)로 변환하면서 데이터가 손실될 수 있습니다.
c:\users\강동훈\desktop\sga-team-project\gameframework\commonmacrofunction.h(89): warning C4244: '인수': 'LONG'에서 'float'(으)로 변환하면서 데이터가 손실될 수 있습니다.
c:\users\강동훈\desktop\sga-team-project\gameframework\commonmacrofunction.h(104): warning C4244: 'return': 'LONG'에서 'float'(으)로 변환하면서 데이터가 손실될 수 있습니다.
c:\users\강동훈\desktop\sga-team-project\gameframework\commonmacrofunction.h(110): warning C4244: 'return': 'LONG'에서 'float'(으)로 변환하면서 데이터가 손실될 수 있습니다.
c:\users\강동훈\desktop\sga-team-project\gameframework\image.h(152): warning C4838: 'float'에서 'LONG'(으)로의 변환에는 축소 변환이 필요합니다.
c:\users\강동훈\desktop\sga-team-project\gameframework\image.h(152): warning C4244: '초기화 중': 'float'에서 'LONG'(으)로 변환하면서 데이터가 손실될 수 있습니다.
  winMain.cpp
  utils.cpp
  txtData.cpp
c:\users\강동훈\desktop\sga-team-project\gameframework\txtdata.cpp(53): warning C4018: '<': signed 또는 unsigned가 일치하지 않습니다.
c:\users\강동훈\desktop\sga-team-project\gameframework\txtdata.cpp(57): warning C4018: '<': signed 또는 unsigned가 일치하지 않습니다.
c:\users\강동훈\desktop\sga-team-project\gameframework\txtdata.cpp(57): warning C4996: 'strcat': This function or variable may be unsafe. Consider using strcat_s instead. To disable deprecation, use _CRT_SECURE_NO_WARNINGS. See online help for details.
  c:\program files (x86)\windows kits\10\include\10.0.16299.0\ucrt\string.h(93): note: 'strcat' 선언을 참조하십시오.
c:\users\강동훈\desktop\sga-team-project\gameframework\txtdata.cpp(90): warning C4996: 'strtok': This function or variable may be unsafe. Consider using strtok_s instead. To disable deprecation, use _CRT_SECURE_NO_WARNINGS. See online help for details.
  c:\program files (x86)\windows kits\10\include\10.0.16299.0\ucrt\string.h(439): note: 'strtok' 선언을 참조하십시오.
c:\users\강동훈\desktop\sga-team-project\gameframework\txtdata.cpp(94): warning C4996: 'strtok': This function or variable may be unsafe. Consider using strtok_s instead. To disable deprecation, use _CRT_SECURE_NO_WARNINGS. See online help for details.
  c:\program files (x86)\windows kits\10\include\10.0.16299.0\ucrt\string.h(439): note: 'strtok' 선언을 참조하십시오.
c:\users\강동훈\desktop\sga-team-project\gameframework\txtdata.cpp(86): warning C4101: 'temp' :참조되지 않은 지역 변수입니다.
  timer.cpp
  timeManager.cpp
c:\users\강동훈\desktop\sga-team-project\gameframework\timemanager.cpp(53): warning C4244: '인수': 'float'에서 'int'(으)로 변환하면서 데이터가 손실될 수 있습니다.
c:\users\강동훈\desktop\sga-team-project\gameframework\timemanager.cpp(56): warning C4244: '인수': 'float'에서 'int'(으)로 변환하면서 데이터가 손실될 수 있습니다.
c:\users\강동훈\desktop\sga-team-project\gameframework\timemanager.cpp(59): warning C4244: '인수': 'float'에서 'int'(으)로 변환하면서 데이터가 손실될 수 있습니다.
c:\users\강동훈\desktop\sga-team-project\gameframework\timemanager.cpp(62): warning C4244: '인수': 'float'에서 'int'(으)로 변환하면서 데이터가 손실될 수 있습니다.
  soundManager.cpp
  sceneManager.cpp
  progressBar.cpp
c:\users\강동훈\desktop\sga-team-project\gameframework\progressbar.cpp(22): warning C4244: '인수': 'int'에서 'float'(으)로 변환하면서 데이터가 손실될 수 있습니다.
c:\users\강동훈\desktop\sga-team-project\gameframework\progressbar.cpp(23): warning C4244: '인수': 'int'에서 'float'(으)로 변환하면서 데이터가 손실될 수 있습니다.
c:\users\강동훈\desktop\sga-team-project\gameframework\progressbar.cpp(26): warning C4244: '=': 'int'에서 'float'(으)로 변환하면서 데이터가 손실될 수 있습니다.
c:\users\강동훈\desktop\sga-team-project\gameframework\progressbar.cpp(56): warning C4244: '인수': 'float'에서 'int'(으)로 변환하면서 데이터가 손실될 수 있습니다.
  playGround.cpp
  keyManager.cpp
  keyAniManager.cpp
  iniDataManager.cpp
c:\users\강동훈\desktop\sga-team-project\gameframework\inidatamanager.cpp(56): warning C4018: '<': signed 또는 unsigned가 일치하지 않습니다.
c:\users\강동훈\desktop\sga-team-project\gameframework\inidatamanager.cpp(76): warning C4996: 'sprintf': This function or variable may be unsafe. Consider using sprintf_s instead. To disable deprecation, use _CRT_SECURE_NO_WARNINGS. See online help for details.
  c:\program files (x86)\windows kits\10\include\10.0.16299.0\ucrt\stdio.h(1772): note: 'sprintf' 선언을 참조하십시오.
c:\users\강동훈\desktop\sga-team-project\gameframework\inidatamanager.cpp(94): warning C4996: 'sprintf': This function or variable may be unsafe. Consider using sprintf_s instead. To disable deprecation, use _CRT_SECURE_NO_WARNINGS. See online help for details.
  c:\program files (x86)\windows kits\10\include\10.0.16299.0\ucrt\stdio.h(1772): note: 'sprintf' 선언을 참조하십시오.
  imageManager.cpp
  image.cpp
c:\users\강동훈\desktop\sga-team-project\gameframework\image.cpp(351): warning C4244: '인수': 'float'에서 'int'(으)로 변환하면서 데이터가 손실될 수 있습니다.
c:\users\강동훈\desktop\sga-team-project\gameframework\image.cpp(361): warning C4244: '인수': 'float'에서 'int'(으)로 변환하면서 데이터가 손실될 수 있습니다.
c:\users\강동훈\desktop\sga-team-project\gameframework\image.cpp(495): warning C4244: '인수': 'float'에서 'int'(으)로 변환하면서 데이터가 손실될 수 있습니다.
c:\users\강동훈\desktop\sga-team-project\gameframework\image.cpp(501): warning C4244: '인수': 'float'에서 'int'(으)로 변환하면서 데이터가 손실될 수 있습니다.
c:\users\강동훈\desktop\sga-team-project\gameframework\image.cpp(506): warning C4244: '인수': 'float'에서 'int'(으)로 변환하면서 데이터가 손실될 수 있습니다.
  gameNode.cpp
c:\users\강동훈\desktop\sga-team-project\gameframework\gamenode.cpp(104): warning C4244: '=': 'float'에서 'LONG'(으)로 변환하면서 데이터가 손실될 수 있습니다.
c:\users\강동훈\desktop\sga-team-project\gameframework\gamenode.cpp(105): warning C4244: '=': 'float'에서 'LONG'(으)로 변환하면서 데이터가 손실될 수 있습니다.
c:\users\강동훈\desktop\sga-team-project\gameframework\gamenode.cpp(93): warning C4101: 'hdc' :참조되지 않은 지역 변수입니다.
c:\users\강동훈\desktop\sga-team-project\gameframework\gamenode.cpp(92): warning C4101: 'ps' :참조되지 않은 지역 변수입니다.
  effectManager.cpp
  effect.cpp
  button.cpp
c:\users\강동훈\desktop\sga-team-project\gameframework\button.cpp(23): warning C4244: '=': 'int'에서 'float'(으)로 변환하면서 데이터가 손실될 수 있습니다.
c:\users\강동훈\desktop\sga-team-project\gameframework\button.cpp(24): warning C4244: '=': 'int'에서 'float'(으)로 변환하면서 데이터가 손실될 수 있습니다.
c:\users\강동훈\desktop\sga-team-project\gameframework\button.cpp(32): warning C4244: '인수': 'float'에서 'int'(으)로 변환하면서 데이터가 손실될 수 있습니다.
  animation.cpp
  action.cpp
  코드를 생성하고 있습니다...
c:\users\강동훈\desktop\sga-team-project\gameframework\inidatamanager.cpp(85): warning C4172: 지역 변수 또는 임시: data의 주소를 반환하고 있습니다.
c:\users\강동훈\desktop\sga-team-project\gameframework\txtdata.cpp(60): warning C4172: 지역 변수 또는 임시: str의 주소를 반환하고 있습니다.
  컴파일하고 있습니다...
  StartScene.cpp
  PlayerManager.cpp
  Player.cpp
c:\users\강동훈\desktop\sga-team-project\gameframework\player.cpp(45): warning C4244: '인수': 'float'에서 'int'(으)로 변환하면서 데이터가 손실될 수 있습니다.
  PlayScene.cpp
c:\users\강동훈\desktop\sga-team-project\gameframework\playscene.cpp(39): warning C4244: '인수': 'float'에서 'int'(으)로 변환하면서 데이터가 손실될 수 있습니다.
  LoadingScene.cpp
  EndScene.cpp
  CameraManager.cpp
c:\users\강동훈\desktop\sga-team-project\gameframework\cameramanager.cpp(86): warning C4244: '=': 'int'에서 'float'(으)로 변환하면서 데이터가 손실될 수 있습니다.
c:\users\강동훈\desktop\sga-team-project\gameframework\cameramanager.cpp(105): warning C4244: '=': 'int'에서 'float'(으)로 변환하면서 데이터가 손실될 수 있습니다.
c:\users\강동훈\desktop\sga-team-project\gameframework\cameramanager.cpp(121): warning C4244: '=': 'double'에서 'float'(으)로 변환하면서 데이터가 손실될 수 있습니다.
c:\users\강동훈\desktop\sga-team-project\gameframework\cameramanager.cpp(138): warning C4244: '=': 'int'에서 'float'(으)로 변환하면서 데이터가 손실될 수 있습니다.
c:\users\강동훈\desktop\sga-team-project\gameframework\cameramanager.cpp(152): warning C4244: '=': 'int'에서 'float'(으)로 변환하면서 데이터가 손실될 수 있습니다.
c:\users\강동훈\desktop\sga-team-project\gameframework\cameramanager.cpp(159): warning C4244: '=': 'double'에서 'float'(으)로 변환하면서 데이터가 손실될 수 있습니다.
c:\users\강동훈\desktop\sga-team-project\gameframework\cameramanager.cpp(173): warning C4244: '=': 'double'에서 'float'(으)로 변환하면서 데이터가 손실될 수 있습니다.
c:\users\강동훈\desktop\sga-team-project\gameframework\cameramanager.cpp(188): warning C4244: '=': 'int'에서 'float'(으)로 변환하면서 데이터가 손실될 수 있습니다.
c:\users\강동훈\desktop\sga-team-project\gameframework\cameramanager.cpp(215): warning C4244: '인수': 'float'에서 'int'(으)로 변환하면서 데이터가 손실될 수 있습니다.
c:\users\강동훈\desktop\sga-team-project\gameframework\cameramanager.cpp(216): warning C4244: '인수': 'float'에서 'int'(으)로 변환하면서 데이터가 손실될 수 있습니다.
c:\users\강동훈\desktop\sga-team-project\gameframework\cameramanager.cpp(224): warning C4244: '인수': 'float'에서 'int'(으)로 변환하면서 데이터가 손실될 수 있습니다.
  코드를 생성하고 있습니다...
  nonaWindowsAPI.vcxproj -> C:\Users\강동훈\Desktop\SGA-Team-Project\GameFrameWork\Debug\nonaWindowsAPI.exe
