c:\users\mince\documents\github\sga-team-project\gameframework\debug\nonawindowsapi.pch
c:\users\mince\documents\github\sga-team-project\gameframework\debug\vc141.pdb
c:\users\mince\documents\github\sga-team-project\gameframework\debug\vc141.idb
c:\users\mince\documents\github\sga-team-project\gameframework\debug\stdafx.obj
c:\users\mince\documents\github\sga-team-project\gameframework\debug\inidatamanager.obj
c:\users\mince\documents\github\sga-team-project\gameframework\debug\keyanimanager.obj
c:\users\mince\documents\github\sga-team-project\gameframework\debug\keymanager.obj
c:\users\mince\documents\github\sga-team-project\gameframework\debug\loadingscene.obj
c:\users\mince\documents\github\sga-team-project\gameframework\debug\player.obj
c:\users\mince\documents\github\sga-team-project\gameframework\debug\playermanager.obj
c:\users\mince\documents\github\sga-team-project\gameframework\debug\playground.obj
c:\users\mince\documents\github\sga-team-project\gameframework\debug\playscene.obj
c:\users\mince\documents\github\sga-team-project\gameframework\debug\progressbar.obj
c:\users\mince\documents\github\sga-team-project\gameframework\debug\scenemanager.obj
c:\users\mince\documents\github\sga-team-project\gameframework\debug\soundmanager.obj
c:\users\mince\documents\github\sga-team-project\gameframework\debug\startscene.obj
c:\users\mince\documents\github\sga-team-project\gameframework\debug\timemanager.obj
c:\users\mince\documents\github\sga-team-project\gameframework\debug\timer.obj
c:\users\mince\documents\github\sga-team-project\gameframework\debug\txtdata.obj
c:\users\mince\documents\github\sga-team-project\gameframework\debug\utils.obj
c:\users\mince\documents\github\sga-team-project\gameframework\debug\winmain.obj
c:\users\mince\documents\github\sga-team-project\gameframework\debug\world.obj
c:\users\mince\documents\github\sga-team-project\gameframework\debug\worldscene.obj
c:\users\mince\documents\github\sga-team-project\gameframework\debug\world_character.obj
c:\users\mince\documents\github\sga-team-project\gameframework\debug\action.obj
c:\users\mince\documents\github\sga-team-project\gameframework\debug\animation.obj
c:\users\mince\documents\github\sga-team-project\gameframework\debug\button.obj
c:\users\mince\documents\github\sga-team-project\gameframework\debug\cameramanager.obj
c:\users\mince\documents\github\sga-team-project\gameframework\debug\effect.obj
c:\users\mince\documents\github\sga-team-project\gameframework\debug\effectmanager.obj
c:\users\mince\documents\github\sga-team-project\gameframework\debug\endscene.obj
c:\users\mince\documents\github\sga-team-project\gameframework\debug\gamenode.obj
c:\users\mince\documents\github\sga-team-project\gameframework\debug\image.obj
c:\users\mince\documents\github\sga-team-project\gameframework\debug\imagemanager.obj
c:\users\mince\documents\github\sga-team-project\gameframework\debug\world_jake.obj
c:\users\mince\documents\github\sga-team-project\gameframework\debug\nonawindowsapi.exe
c:\users\mince\documents\github\sga-team-project\gameframework\debug\nonawindowsapi.ilk
c:\users\mince\documents\github\sga-team-project\gameframework\debug\nonawindowsapi.pdb
c:\users\mince\documents\github\sga-team-project\gameframework\debug\nonawindowsapi.res
c:\users\mince\documents\github\sga-team-project\gameframework\debug\nonawindowsapi.tlog\cl.command.1.tlog
c:\users\mince\documents\github\sga-team-project\gameframework\debug\nonawindowsapi.tlog\cl.read.1.tlog
c:\users\mince\documents\github\sga-team-project\gameframework\debug\nonawindowsapi.tlog\cl.write.1.tlog
c:\users\mince\documents\github\sga-team-project\gameframework\debug\nonawindowsapi.tlog\link.command.1.tlog
c:\users\mince\documents\github\sga-team-project\gameframework\debug\nonawindowsapi.tlog\link.read.1.tlog
c:\users\mince\documents\github\sga-team-project\gameframework\debug\nonawindowsapi.tlog\link.write.1.tlog
c:\users\mince\documents\github\sga-team-project\gameframework\debug\nonawindowsapi.tlog\rc.command.1.tlog
c:\users\mince\documents\github\sga-team-project\gameframework\debug\nonawindowsapi.tlog\rc.read.1.tlog
c:\users\mince\documents\github\sga-team-project\gameframework\debug\nonawindowsapi.tlog\rc.write.1.tlog
